{"numTotalTestSuites":2,"numPassedTestSuites":2,"numFailedTestSuites":0,"numPendingTestSuites":0,"numTotalTests":6,"numPassedTests":6,"numFailedTests":0,"numPendingTests":0,"numTodoTests":0,"snapshot":{"added":0,"failure":false,"filesAdded":0,"filesRemoved":0,"filesRemovedList":[],"filesUnmatched":0,"filesUpdated":0,"matched":0,"total":0,"unchecked":0,"uncheckedKeysByFile":[],"unmatched":0,"updated":0,"didUpdate":false},"startTime":1790001920081,"success":true,"testResults":[{"assertionResults":[{"ancestorTitles":["honest coverage presentation"],"fullName":"honest coverage presentation does not call full nominal coverage safe when verified arrival is incomplete","status":"passed","title":"does not call full nominal coverage safe when verified arrival is incomplete","duration":141.31667199999993,"failureMessages":[],"meta":{},"tags":[],"benchmarks":[]},{"ancestorTitles":["honest coverage presentation"],"fullName":"honest coverage presentation keeps deferred installment visible outside horizon","status":"passed","title":"keeps deferred installment visible outside horizon","duration":17.43008800000007,"failureMessages":[],"meta":{},"tags":[],"benchmarks":[]},{"ancestorTitles":["honest coverage presentation"],"fullName":"honest coverage presentation renders safe only for full on-time verified coverage","status":"passed","title":"renders safe only for full on-time verified coverage","duration":10.562909999999874,"failureMessages":[],"meta":{},"tags":[],"benchmarks":[]},{"ancestorTitles":["honest coverage presentation"],"fullName":"honest coverage presentation shows actionable empty state without invented figures","status":"passed","title":"shows actionable empty state without invented figures","duration":7.873512000000119,"failureMessages":[],"meta":{},"tags":[],"benchmarks":[]},{"ancestorTitles":["honest coverage presentation"],"fullName":"honest coverage presentation renders security rejection without HTML interpretation","status":"passed","title":"renders security rejection without HTML interpretation","duration":6.45011999999997,"failureMessages":[],"meta":{},"tags":[],"benchmarks":[]},{"ancestorTitles":["honest coverage presentation"],"fullName":"honest coverage presentation propagates server authorization failure instead of reporting success","status":"passed","title":"propagates server authorization failure instead of reporting success","duration":1.8013820000001033,"failureMessages":[],"meta":{},"tags":[],"benchmarks":[]}],"startTime":1790001921015,"endTime":1790001921200.8013,"status":"passed","message":"","name":"/workspace/lattice/apps/web/tests/coverage.test.tsx"}]}